<?xml version="1.0" encoding="UTF-8"?>
<!-- Generated by org.testng.reporters.JUnitXMLReporter -->
<testsuite ignored="0" hostname="K501UB" failures="0" tests="5" name="Add Project Function Test Chrome" time="172.045" errors="0" timestamp="2023-11-29T22:17:32 ICT">
  <testcase classname="addprojectfunction.P1" name="TC8" time="4.037"/>
  <testcase classname="addprojectfunction.P2" name="TC9" time="3.38"/>
  <testcase classname="addprojectfunction.P3" name="TC8" time="9.521"/>
  <testcase classname="addprojectfunction.P4" name="TC8" time="54.894"/>
  <testcase classname="addprojectfunction.P5" name="TC8" time="7.273"/>
</testsuite> <!-- Add Project Function Test Chrome -->
