<?xml version="1.0" encoding="UTF-8"?>
<!-- Generated by org.testng.reporters.JUnitXMLReporter -->
<testsuite ignored="0" hostname="K501UB" failures="0" tests="9" name="Test" time="187.828" errors="0" timestamp="2023-11-26T17:25:23 ICT">
  <testcase classname="labelfunction.LA1" name="TC1" time="3.483"/>
  <testcase classname="labelfunction.LA2" name="TC2" time="3.694"/>
  <testcase classname="labelfunction.LA3" name="TC3_createLabel" time="3.524"/>
  <testcase classname="labelfunction.LA3" name="TC3_deleteLabel" time="2.213"/>
  <testcase classname="labelfunction.LA4" name="TC4" time="3.482"/>
  <testcase classname="labelfunction.LA5" name="TC5_createLabel" time="5.379"/>
  <testcase classname="labelfunction.LA5" name="TC5_recolorLabel" time="2.318"/>
  <testcase classname="labelfunction.LA6" name="TC6" time="3.387"/>
  <testcase classname="labelfunction.LA7" name="TC7" time="53.348"/>
</testsuite> <!-- Test -->
