<?xml version="1.0" encoding="UTF-8"?>
<!-- Generated by org.testng.reporters.JUnitXMLReporter -->
<testsuite ignored="0" hostname="K501UB" failures="0" tests="7" name="Test" time="157.3" errors="0" timestamp="2023-11-02T00:26:32 ICT">
  <testcase classname="buoi13.Login" name="loginSuccess" time="4.356"/>
  <testcase classname="buoi13.Login" name="loginFailedEmail" time="3.878"/>
  <testcase classname="buoi13.Login" name="loginFailedPassword" time="3.913"/>
  <testcase classname="buoi13.Login" name="loginFailedEmailAndPassword" time="3.973"/>
  <testcase classname="buoi13.Login" name="logout" time="5.813"/>
  <testcase classname="buoi13.Logout" name="loginSuccess" time="4.423"/>
  <testcase classname="buoi13.Logout" name="logout" time="3.342"/>
</testsuite> <!-- Test -->
