<?xml version="1.0" encoding="UTF-8"?>
<testng-results ignored="0" total="10" passed="10" failed="0" skipped="0">
  <reporter-output>
  </reporter-output>
  <suite started-at="2023-11-29T22:14:40 ICT" name="Suite" finished-at="2023-11-29T22:20:29 ICT" duration-ms="349264">
    <groups>
    </groups>
    <test started-at="2023-11-29T22:14:40 ICT" name="Add Project Function Test Chrome" finished-at="2023-11-29T22:17:32 ICT" duration-ms="172045">
      <class name="addprojectfunction.P3">
        <test-method is-config="true" signature="openSite(java.lang.String)[pri:0, instance:addprojectfunction.P3@4a94ee4]" started-at="2023-11-29T22:15:42 ICT" name="openSite" finished-at="2023-11-29T22:15:54 ICT" duration-ms="11838" status="PASS">
          <params>
            <param index="0">
              <value>
                <![CDATA[chrome]]>
              </value>
            </param>
          </params>
          <reporter-output>
          </reporter-output>
        </test-method> <!-- openSite -->
        <test-method signature="TC8()[pri:0, instance:addprojectfunction.P3@4a94ee4]" started-at="2023-11-29T22:15:54 ICT" name="TC8" finished-at="2023-11-29T22:16:04 ICT" duration-ms="9521" status="PASS">
          <reporter-output>
          </reporter-output>
        </test-method> <!-- TC8 -->
        <test-method is-config="true" signature="quitWebdriver()[pri:0, instance:addprojectfunction.P3@4a94ee4]" started-at="2023-11-29T22:16:04 ICT" name="quitWebdriver" finished-at="2023-11-29T22:16:04 ICT" duration-ms="319" status="PASS">
          <reporter-output>
          </reporter-output>
        </test-method> <!-- quitWebdriver -->
      </class> <!-- addprojectfunction.P3 -->
      <class name="addprojectfunction.P2">
        <test-method is-config="true" signature="openSite(java.lang.String)[pri:0, instance:addprojectfunction.P2@7b9a4292]" started-at="2023-11-29T22:15:13 ICT" name="openSite" finished-at="2023-11-29T22:15:38 ICT" duration-ms="25686" status="PASS">
          <params>
            <param index="0">
              <value>
                <![CDATA[chrome]]>
              </value>
            </param>
          </params>
          <reporter-output>
          </reporter-output>
        </test-method> <!-- openSite -->
        <test-method signature="TC9()[pri:0, instance:addprojectfunction.P2@7b9a4292]" started-at="2023-11-29T22:15:38 ICT" name="TC9" finished-at="2023-11-29T22:15:42 ICT" duration-ms="3380" status="PASS">
          <reporter-output>
          </reporter-output>
        </test-method> <!-- TC9 -->
        <test-method is-config="true" signature="quitWebdriver()[pri:0, instance:addprojectfunction.P2@7b9a4292]" started-at="2023-11-29T22:15:42 ICT" name="quitWebdriver" finished-at="2023-11-29T22:15:42 ICT" duration-ms="569" status="PASS">
          <reporter-output>
          </reporter-output>
        </test-method> <!-- quitWebdriver -->
      </class> <!-- addprojectfunction.P2 -->
      <class name="addprojectfunction.P5">
        <test-method is-config="true" signature="openSite(java.lang.String)[pri:0, instance:addprojectfunction.P5@6379eb]" started-at="2023-11-29T22:17:11 ICT" name="openSite" finished-at="2023-11-29T22:17:24 ICT" duration-ms="13030" status="PASS">
          <params>
            <param index="0">
              <value>
                <![CDATA[chrome]]>
              </value>
            </param>
          </params>
          <reporter-output>
          </reporter-output>
        </test-method> <!-- openSite -->
        <test-method signature="TC8()[pri:0, instance:addprojectfunction.P5@6379eb]" started-at="2023-11-29T22:17:24 ICT" name="TC8" finished-at="2023-11-29T22:17:32 ICT" duration-ms="7273" status="PASS">
          <reporter-output>
          </reporter-output>
        </test-method> <!-- TC8 -->
        <test-method is-config="true" signature="quitWebdriver()[pri:0, instance:addprojectfunction.P5@6379eb]" started-at="2023-11-29T22:17:32 ICT" name="quitWebdriver" finished-at="2023-11-29T22:17:32 ICT" duration-ms="329" status="PASS">
          <reporter-output>
          </reporter-output>
        </test-method> <!-- quitWebdriver -->
      </class> <!-- addprojectfunction.P5 -->
      <class name="addprojectfunction.P4">
        <test-method is-config="true" signature="openSite(java.lang.String)[pri:0, instance:addprojectfunction.P4@4cc451f2]" started-at="2023-11-29T22:16:04 ICT" name="openSite" finished-at="2023-11-29T22:16:16 ICT" duration-ms="12054" status="PASS">
          <params>
            <param index="0">
              <value>
                <![CDATA[chrome]]>
              </value>
            </param>
          </params>
          <reporter-output>
          </reporter-output>
        </test-method> <!-- openSite -->
        <test-method signature="TC8()[pri:0, instance:addprojectfunction.P4@4cc451f2]" started-at="2023-11-29T22:16:16 ICT" name="TC8" finished-at="2023-11-29T22:17:11 ICT" duration-ms="54894" status="PASS">
          <reporter-output>
          </reporter-output>
        </test-method> <!-- TC8 -->
        <test-method is-config="true" signature="quitWebdriver()[pri:0, instance:addprojectfunction.P4@4cc451f2]" started-at="2023-11-29T22:17:11 ICT" name="quitWebdriver" finished-at="2023-11-29T22:17:11 ICT" duration-ms="314" status="PASS">
          <reporter-output>
          </reporter-output>
        </test-method> <!-- quitWebdriver -->
      </class> <!-- addprojectfunction.P4 -->
      <class name="addprojectfunction.P1">
        <test-method is-config="true" signature="openSite(java.lang.String)[pri:0, instance:addprojectfunction.P1@1fa268de]" started-at="2023-11-29T22:14:40 ICT" name="openSite" finished-at="2023-11-29T22:15:08 ICT" duration-ms="28427" status="PASS">
          <params>
            <param index="0">
              <value>
                <![CDATA[chrome]]>
              </value>
            </param>
          </params>
          <reporter-output>
          </reporter-output>
        </test-method> <!-- openSite -->
        <test-method signature="TC8()[pri:0, instance:addprojectfunction.P1@1fa268de]" started-at="2023-11-29T22:15:08 ICT" name="TC8" finished-at="2023-11-29T22:15:12 ICT" duration-ms="4037" status="PASS">
          <reporter-output>
          </reporter-output>
        </test-method> <!-- TC8 -->
        <test-method is-config="true" signature="quitWebdriver()[pri:0, instance:addprojectfunction.P1@1fa268de]" started-at="2023-11-29T22:15:12 ICT" name="quitWebdriver" finished-at="2023-11-29T22:15:13 ICT" duration-ms="319" status="PASS">
          <reporter-output>
          </reporter-output>
        </test-method> <!-- quitWebdriver -->
      </class> <!-- addprojectfunction.P1 -->
    </test> <!-- Add Project Function Test Chrome -->
    <test started-at="2023-11-29T22:17:32 ICT" name="Add Project Function Test Edge" finished-at="2023-11-29T22:20:29 ICT" duration-ms="177173">
      <class name="addprojectfunction.P3">
        <test-method is-config="true" signature="openSite(java.lang.String)[pri:0, instance:addprojectfunction.P3@4efbca5a]" started-at="2023-11-29T22:18:31 ICT" name="openSite" finished-at="2023-11-29T22:18:49 ICT" duration-ms="18156" status="PASS">
          <params>
            <param index="0">
              <value>
                <![CDATA[edge]]>
              </value>
            </param>
          </params>
          <reporter-output>
          </reporter-output>
        </test-method> <!-- openSite -->
        <test-method signature="TC8()[pri:0, instance:addprojectfunction.P3@4efbca5a]" started-at="2023-11-29T22:18:49 ICT" name="TC8" finished-at="2023-11-29T22:18:59 ICT" duration-ms="9383" status="PASS">
          <reporter-output>
          </reporter-output>
        </test-method> <!-- TC8 -->
        <test-method is-config="true" signature="quitWebdriver()[pri:0, instance:addprojectfunction.P3@4efbca5a]" started-at="2023-11-29T22:18:59 ICT" name="quitWebdriver" finished-at="2023-11-29T22:18:59 ICT" duration-ms="420" status="PASS">
          <reporter-output>
          </reporter-output>
        </test-method> <!-- quitWebdriver -->
      </class> <!-- addprojectfunction.P3 -->
      <class name="addprojectfunction.P2">
        <test-method is-config="true" signature="openSite(java.lang.String)[pri:0, instance:addprojectfunction.P2@6069db50]" started-at="2023-11-29T22:18:13 ICT" name="openSite" finished-at="2023-11-29T22:18:27 ICT" duration-ms="14110" status="PASS">
          <params>
            <param index="0">
              <value>
                <![CDATA[edge]]>
              </value>
            </param>
          </params>
          <reporter-output>
          </reporter-output>
        </test-method> <!-- openSite -->
        <test-method signature="TC9()[pri:0, instance:addprojectfunction.P2@6069db50]" started-at="2023-11-29T22:18:27 ICT" name="TC9" finished-at="2023-11-29T22:18:31 ICT" duration-ms="3376" status="PASS">
          <reporter-output>
          </reporter-output>
        </test-method> <!-- TC9 -->
        <test-method is-config="true" signature="quitWebdriver()[pri:0, instance:addprojectfunction.P2@6069db50]" started-at="2023-11-29T22:18:31 ICT" name="quitWebdriver" finished-at="2023-11-29T22:18:31 ICT" duration-ms="345" status="PASS">
          <reporter-output>
          </reporter-output>
        </test-method> <!-- quitWebdriver -->
      </class> <!-- addprojectfunction.P2 -->
      <class name="addprojectfunction.P5">
        <test-method is-config="true" signature="openSite(java.lang.String)[pri:0, instance:addprojectfunction.P5@59662a0b]" started-at="2023-11-29T22:20:06 ICT" name="openSite" finished-at="2023-11-29T22:20:21 ICT" duration-ms="14738" status="PASS">
          <params>
            <param index="0">
              <value>
                <![CDATA[edge]]>
              </value>
            </param>
          </params>
          <reporter-output>
          </reporter-output>
        </test-method> <!-- openSite -->
        <test-method signature="TC8()[pri:0, instance:addprojectfunction.P5@59662a0b]" started-at="2023-11-29T22:20:21 ICT" name="TC8" finished-at="2023-11-29T22:20:29 ICT" duration-ms="7677" status="PASS">
          <reporter-output>
          </reporter-output>
        </test-method> <!-- TC8 -->
        <test-method is-config="true" signature="quitWebdriver()[pri:0, instance:addprojectfunction.P5@59662a0b]" started-at="2023-11-29T22:20:29 ICT" name="quitWebdriver" finished-at="2023-11-29T22:20:29 ICT" duration-ms="384" status="PASS">
          <reporter-output>
          </reporter-output>
        </test-method> <!-- quitWebdriver -->
      </class> <!-- addprojectfunction.P5 -->
      <class name="addprojectfunction.P4">
        <test-method is-config="true" signature="openSite(java.lang.String)[pri:0, instance:addprojectfunction.P4@1b7cc17c]" started-at="2023-11-29T22:18:59 ICT" name="openSite" finished-at="2023-11-29T22:19:11 ICT" duration-ms="11845" status="PASS">
          <params>
            <param index="0">
              <value>
                <![CDATA[edge]]>
              </value>
            </param>
          </params>
          <reporter-output>
          </reporter-output>
        </test-method> <!-- openSite -->
        <test-method signature="TC8()[pri:0, instance:addprojectfunction.P4@1b7cc17c]" started-at="2023-11-29T22:19:11 ICT" name="TC8" finished-at="2023-11-29T22:20:06 ICT" duration-ms="54935" status="PASS">
          <reporter-output>
          </reporter-output>
        </test-method> <!-- TC8 -->
        <test-method is-config="true" signature="quitWebdriver()[pri:0, instance:addprojectfunction.P4@1b7cc17c]" started-at="2023-11-29T22:20:06 ICT" name="quitWebdriver" finished-at="2023-11-29T22:20:06 ICT" duration-ms="418" status="PASS">
          <reporter-output>
          </reporter-output>
        </test-method> <!-- quitWebdriver -->
      </class> <!-- addprojectfunction.P4 -->
      <class name="addprojectfunction.P1">
        <test-method is-config="true" signature="openSite(java.lang.String)[pri:0, instance:addprojectfunction.P1@9597028]" started-at="2023-11-29T22:17:32 ICT" name="openSite" finished-at="2023-11-29T22:18:09 ICT" duration-ms="36783" status="PASS">
          <params>
            <param index="0">
              <value>
                <![CDATA[edge]]>
              </value>
            </param>
          </params>
          <reporter-output>
          </reporter-output>
        </test-method> <!-- openSite -->
        <test-method signature="TC8()[pri:0, instance:addprojectfunction.P1@9597028]" started-at="2023-11-29T22:18:09 ICT" name="TC8" finished-at="2023-11-29T22:18:13 ICT" duration-ms="4125" status="PASS">
          <reporter-output>
          </reporter-output>
        </test-method> <!-- TC8 -->
        <test-method is-config="true" signature="quitWebdriver()[pri:0, instance:addprojectfunction.P1@9597028]" started-at="2023-11-29T22:18:13 ICT" name="quitWebdriver" finished-at="2023-11-29T22:18:13 ICT" duration-ms="451" status="PASS">
          <reporter-output>
          </reporter-output>
        </test-method> <!-- quitWebdriver -->
      </class> <!-- addprojectfunction.P1 -->
    </test> <!-- Add Project Function Test Edge -->
  </suite> <!-- Suite -->
</testng-results>
