<?xml version="1.0" encoding="UTF-8"?>
<testng-results ignored="0" total="1" passed="1" failed="0" skipped="0">
  <reporter-output>
  </reporter-output>
  <suite started-at="2023-10-14T23:29:43 ICT" name="Default suite" finished-at="2023-10-14T23:29:58 ICT" duration-ms="15581">
    <groups>
    </groups>
    <test started-at="2023-10-14T23:29:43 ICT" name="Default test" finished-at="2023-10-14T23:29:58 ICT" duration-ms="15581">
      <class name="buoi8.bai2">
        <test-method is-config="true" signature="openWebsite()[pri:0, instance:buoi8.bai2@71809907]" started-at="2023-10-14T23:29:43 ICT" name="openWebsite" finished-at="2023-10-14T23:29:55 ICT" duration-ms="12281" status="PASS">
          <reporter-output>
          </reporter-output>
        </test-method> <!-- openWebsite -->
        <test-method signature="fillInfo()[pri:0, instance:buoi8.bai2@71809907]" started-at="2023-10-14T23:29:55 ICT" name="fillInfo" finished-at="2023-10-14T23:29:56 ICT" duration-ms="931" status="PASS">
          <reporter-output>
          </reporter-output>
        </test-method> <!-- fillInfo -->
        <test-method is-config="true" signature="closeWebsite()[pri:0, instance:buoi8.bai2@71809907]" started-at="2023-10-14T23:29:56 ICT" name="closeWebsite" finished-at="2023-10-14T23:29:58 ICT" duration-ms="2315" status="PASS">
          <reporter-output>
          </reporter-output>
        </test-method> <!-- closeWebsite -->
      </class> <!-- buoi8.bai2 -->
    </test> <!-- Default test -->
  </suite> <!-- Default suite -->
</testng-results>
